# JRE version: OpenJDK Runtime Environment Corretto-17.0.9.8.1 (17.0.9+8) (build 17.0.9+8-LTS)
# Java VM: OpenJDK 64-Bit Server VM Corretto-17.0.9.8.1 (17.0.9+8-LTS, mixed mode, sharing, tiered, compressed oops, compressed class ptrs, g1 gc, linux-amd64)
GC Precious Log:
 CPUs: 8 total, 8 available
 Memory: 15851M
 Large Page Support: Disabled
 NUMA Support: Disabled
 Compressed Oops: Enabled (Zero based)
 Heap Region Size: 2M
 Heap Min Capacity: 8M
 Heap Initial Capacity: 248M
 Heap Max Capacity: 3964M
 Pre-touch: Disabled
 Parallel Workers: 8
 Concurrent Workers: 2
 Concurrent Refinement Workers: 8
 Periodic GC: Disabled
Heap:
 garbage-first heap   total 61440K, used 35670K [0x0000000708400000, 0x0000000800000000)
  region size 2048K, 12 young (24576K), 1 survivors (2048K)
 Metaspace       used 32268K, committed 32704K, reserved 1114112K
  class space    used 4024K, committed 4224K, reserved 1048576K
GC Heap History (10 events):
Event: 0.408 GC heap before
{Heap before GC invocations=0 (full 0):
 garbage-first heap   total 258048K, used 24496K [0x0000000708400000, 0x0000000800000000)
  region size 2048K, 11 young (22528K), 0 survivors (0K)
 Metaspace       used 6363K, committed 6528K, reserved 1114112K
  class space    used 745K, committed 832K, reserved 1048576K
}
Event: 0.410 GC heap after
{Heap after GC invocations=1 (full 0):
 garbage-first heap   total 258048K, used 6193K [0x0000000708400000, 0x0000000800000000)
  region size 2048K, 2 young (4096K), 2 survivors (4096K)
 Metaspace       used 6363K, committed 6528K, reserved 1114112K
  class space    used 745K, committed 832K, reserved 1048576K
}
Event: 0.729 GC heap before
{Heap before GC invocations=1 (full 0):
 garbage-first heap   total 258048K, used 36913K [0x0000000708400000, 0x0000000800000000)
  region size 2048K, 18 young (36864K), 2 survivors (4096K)
 Metaspace       used 14474K, committed 14720K, reserved 1114112K
  class space    used 1780K, committed 1920K, reserved 1048576K
}
Event: 0.732 GC heap after
{Heap after GC invocations=2 (full 0):
 garbage-first heap   total 258048K, used 8606K [0x0000000708400000, 0x0000000800000000)
  region size 2048K, 2 young (4096K), 2 survivors (4096K)
 Metaspace       used 14474K, committed 14720K, reserved 1114112K
  class space    used 1780K, committed 1920K, reserved 1048576K
}
Event: 1.236 GC heap before
{Heap before GC invocations=2 (full 0):
 garbage-first heap   total 258048K, used 47518K [0x0000000708400000, 0x0000000800000000)
  region size 2048K, 22 young (45056K), 2 survivors (4096K)
 Metaspace       used 21141K, committed 21504K, reserved 1114112K
  class space    used 2633K, committed 2816K, reserved 1048576K
}
Event: 1.239 GC heap after
{Heap after GC invocations=3 (full 0):
 garbage-first heap   total 258048K, used 11990K [0x0000000708400000, 0x0000000800000000)
  region size 2048K, 3 young (6144K), 3 survivors (6144K)
 Metaspace       used 21141K, committed 21504K, reserved 1114112K
  class space    used 2633K, committed 2816K, reserved 1048576K
}
Event: 1.596 GC heap before
{Heap before GC invocations=4 (full 0):
 garbage-first heap   total 61440K, used 42710K [0x0000000708400000, 0x0000000800000000)
  region size 2048K, 18 young (36864K), 3 survivors (6144K)
 Metaspace       used 26704K, committed 27136K, reserved 1114112K
  class space    used 3369K, committed 3520K, reserved 1048576K
}
Event: 1.601 GC heap after
{Heap after GC invocations=5 (full 0):
 garbage-first heap   total 61440K, used 15198K [0x0000000708400000, 0x0000000800000000)
  region size 2048K, 2 young (4096K), 2 survivors (4096K)
 Metaspace       used 26704K, committed 27136K, reserved 1114112K
  class space    used 3369K, committed 3520K, reserved 1048576K
}
Event: 1.627 GC heap before
{Heap before GC invocations=5 (full 0):
 garbage-first heap   total 61440K, used 17246K [0x0000000708400000, 0x0000000800000000)
  region size 2048K, 3 young (6144K), 2 survivors (4096K)
 Metaspace       used 27102K, committed 27520K, reserved 1114112K
  class space    used 3426K, committed 3584K, reserved 1048576K
}
Event: 1.630 GC heap after
{Heap after GC invocations=6 (full 0):
 garbage-first heap   total 61440K, used 15190K [0x0000000708400000, 0x0000000800000000)
  region size 2048K, 1 young (2048K), 1 survivors (2048K)
 Metaspace       used 27102K, committed 27520K, reserved 1114112K
  class space    used 3426K, committed 3584K, reserved 1048576K
}

