# JRE version: OpenJDK Runtime Environment Corretto-17.0.9.8.1 (17.0.9+8) (build 17.0.9+8-LTS)
# Java VM: OpenJDK 64-Bit Server VM Corretto-17.0.9.8.1 (17.0.9+8-LTS, mixed mode, sharing, tiered, compressed oops, compressed class ptrs, g1 gc, linux-amd64)
GC Precious Log:
 CPUs: 8 total, 8 available
 Memory: 15851M
 Large Page Support: Disabled
 NUMA Support: Disabled
 Compressed Oops: Enabled (Zero based)
 Heap Region Size: 2M
 Heap Min Capacity: 8M
 Heap Initial Capacity: 248M
 Heap Max Capacity: 3964M
 Pre-touch: Disabled
 Parallel Workers: 8
 Concurrent Workers: 2
 Concurrent Refinement Workers: 8
 Periodic GC: Disabled
Heap:
 garbage-first heap   total 225280K, used 127800K [0x0000000708400000, 0x0000000800000000)
  region size 2048K, 23 young (47104K), 1 survivors (2048K)
 Metaspace       used 37025K, committed 37504K, reserved 1114112K
  class space    used 4618K, committed 4864K, reserved 1048576K
GC Heap History (20 events):
Event: 16.072 GC heap before
{Heap before GC invocations=10 (full 0):
 garbage-first heap   total 137216K, used 104170K [0x0000000708400000, 0x0000000800000000)
  region size 2048K, 3 young (6144K), 1 survivors (2048K)
 Metaspace       used 34907K, committed 35392K, reserved 1114112K
  class space    used 4311K, committed 4544K, reserved 1048576K
}
Event: 16.074 GC heap after
{Heap after GC invocations=11 (full 0):
 garbage-first heap   total 167936K, used 101600K [0x0000000708400000, 0x0000000800000000)
  region size 2048K, 1 young (2048K), 1 survivors (2048K)
 Metaspace       used 34907K, committed 35392K, reserved 1114112K
  class space    used 4311K, committed 4544K, reserved 1048576K
}
Event: 16.224 GC heap before
{Heap before GC invocations=11 (full 0):
 garbage-first heap   total 167936K, used 132320K [0x0000000708400000, 0x0000000800000000)
  region size 2048K, 17 young (34816K), 1 survivors (2048K)
 Metaspace       used 34907K, committed 35392K, reserved 1114112K
  class space    used 4311K, committed 4544K, reserved 1048576K
}
Event: 16.225 GC heap after
{Heap after GC invocations=12 (full 0):
 garbage-first heap   total 167936K, used 101590K [0x0000000708400000, 0x0000000800000000)
  region size 2048K, 1 young (2048K), 1 survivors (2048K)
 Metaspace       used 34907K, committed 35392K, reserved 1114112K
  class space    used 4311K, committed 4544K, reserved 1048576K
}
Event: 16.372 GC heap before
{Heap before GC invocations=13 (full 0):
 garbage-first heap   total 184320K, used 134358K [0x0000000708400000, 0x0000000800000000)
  region size 2048K, 18 young (36864K), 1 survivors (2048K)
 Metaspace       used 34907K, committed 35392K, reserved 1114112K
  class space    used 4311K, committed 4544K, reserved 1048576K
}
Event: 16.373 GC heap after
{Heap after GC invocations=14 (full 0):
 garbage-first heap   total 184320K, used 101597K [0x0000000708400000, 0x0000000800000000)
  region size 2048K, 1 young (2048K), 1 survivors (2048K)
 Metaspace       used 34907K, committed 35392K, reserved 1114112K
  class space    used 4311K, committed 4544K, reserved 1048576K
}
Event: 16.562 GC heap before
{Heap before GC invocations=14 (full 0):
 garbage-first heap   total 184320K, used 152797K [0x0000000708400000, 0x0000000800000000)
  region size 2048K, 26 young (53248K), 1 survivors (2048K)
 Metaspace       used 34907K, committed 35392K, reserved 1114112K
  class space    used 4311K, committed 4544K, reserved 1048576K
}
Event: 16.563 GC heap after
{Heap after GC invocations=15 (full 0):
 garbage-first heap   total 184320K, used 101591K [0x0000000708400000, 0x0000000800000000)
  region size 2048K, 1 young (2048K), 1 survivors (2048K)
 Metaspace       used 34907K, committed 35392K, reserved 1114112K
  class space    used 4311K, committed 4544K, reserved 1048576K
}
Event: 16.704 GC heap before
{Heap before GC invocations=16 (full 0):
 garbage-first heap   total 184320K, used 154839K [0x0000000708400000, 0x0000000800000000)
  region size 2048K, 27 young (55296K), 1 survivors (2048K)
 Metaspace       used 34907K, committed 35392K, reserved 1114112K
  class space    used 4311K, committed 4544K, reserved 1048576K
}
Event: 16.704 GC heap after
{Heap after GC invocations=17 (full 0):
 garbage-first heap   total 184320K, used 101594K [0x0000000708400000, 0x0000000800000000)
  region size 2048K, 1 young (2048K), 1 survivors (2048K)
 Metaspace       used 34907K, committed 35392K, reserved 1114112K
  class space    used 4311K, committed 4544K, reserved 1048576K
}
Event: 16.821 GC heap before
{Heap before GC invocations=17 (full 0):
 garbage-first heap   total 184320K, used 156890K [0x0000000708400000, 0x0000000800000000)
  region size 2048K, 28 young (57344K), 1 survivors (2048K)
 Metaspace       used 34908K, committed 35392K, reserved 1114112K
  class space    used 4311K, committed 4544K, reserved 1048576K
}
Event: 16.822 GC heap after
{Heap after GC invocations=18 (full 0):
 garbage-first heap   total 184320K, used 101592K [0x0000000708400000, 0x0000000800000000)
  region size 2048K, 1 young (2048K), 1 survivors (2048K)
 Metaspace       used 34908K, committed 35392K, reserved 1114112K
  class space    used 4311K, committed 4544K, reserved 1048576K
}
Event: 16.950 GC heap before
{Heap before GC invocations=19 (full 0):
 garbage-first heap   total 225280K, used 156888K [0x0000000708400000, 0x0000000800000000)
  region size 2048K, 16 young (32768K), 1 survivors (2048K)
 Metaspace       used 34917K, committed 35392K, reserved 1114112K
  class space    used 4312K, committed 4544K, reserved 1048576K
}
Event: 16.956 GC heap after
{Heap after GC invocations=20 (full 0):
 garbage-first heap   total 225280K, used 101400K [0x0000000708400000, 0x0000000800000000)
  region size 2048K, 4 young (8192K), 4 survivors (8192K)
 Metaspace       used 34917K, committed 35392K, reserved 1114112K
  class space    used 4312K, committed 4544K, reserved 1048576K
}
Event: 18.346 GC heap before
{Heap before GC invocations=20 (full 0):
 garbage-first heap   total 225280K, used 201752K [0x0000000708400000, 0x0000000800000000)
  region size 2048K, 36 young (73728K), 4 survivors (8192K)
 Metaspace       used 36117K, committed 36608K, reserved 1114112K
  class space    used 4415K, committed 4672K, reserved 1048576K
}
Event: 18.348 GC heap after
{Heap after GC invocations=21 (full 0):
 garbage-first heap   total 225280K, used 109229K [0x0000000708400000, 0x0000000800000000)
  region size 2048K, 3 young (6144K), 3 survivors (6144K)
 Metaspace       used 36117K, committed 36608K, reserved 1114112K
  class space    used 4415K, committed 4672K, reserved 1048576K
}
Event: 18.537 GC heap before
{Heap before GC invocations=21 (full 0):
 garbage-first heap   total 225280K, used 133805K [0x0000000708400000, 0x0000000800000000)
  region size 2048K, 16 young (32768K), 3 survivors (6144K)
 Metaspace       used 36329K, committed 36800K, reserved 1114112K
  class space    used 4439K, committed 4672K, reserved 1048576K
}
Event: 18.539 GC heap after
{Heap after GC invocations=22 (full 0):
 garbage-first heap   total 225280K, used 109767K [0x0000000708400000, 0x0000000800000000)
  region size 2048K, 1 young (2048K), 1 survivors (2048K)
 Metaspace       used 36329K, committed 36800K, reserved 1114112K
  class space    used 4439K, committed 4672K, reserved 1048576K
}
Event: 18.786 GC heap before
{Heap before GC invocations=23 (full 0):
 garbage-first heap   total 225280K, used 146631K [0x0000000708400000, 0x0000000800000000)
  region size 2048K, 31 young (63488K), 1 survivors (2048K)
 Metaspace       used 36551K, committed 36992K, reserved 1114112K
  class space    used 4490K, committed 4672K, reserved 1048576K
}
Event: 18.787 GC heap after
{Heap after GC invocations=24 (full 0):
 garbage-first heap   total 225280K, used 84792K [0x0000000708400000, 0x0000000800000000)
  region size 2048K, 1 young (2048K), 1 survivors (2048K)
 Metaspace       used 36551K, committed 36992K, reserved 1114112K
  class space    used 4490K, committed 4672K, reserved 1048576K
}

