# JRE version: OpenJDK Runtime Environment Corretto-17.0.9.8.1 (17.0.9+8) (build 17.0.9+8-LTS)
# Java VM: OpenJDK 64-Bit Server VM Corretto-17.0.9.8.1 (17.0.9+8-LTS, mixed mode, sharing, tiered, compressed oops, compressed class ptrs, g1 gc, linux-amd64)
GC Precious Log:
 CPUs: 8 total, 8 available
 Memory: 15851M
 Large Page Support: Disabled
 NUMA Support: Disabled
 Compressed Oops: Enabled (Zero based)
 Heap Region Size: 2M
 Heap Min Capacity: 8M
 Heap Initial Capacity: 248M
 Heap Max Capacity: 3964M
 Pre-touch: Disabled
 Parallel Workers: 8
 Concurrent Workers: 2
 Concurrent Refinement Workers: 8
 Periodic GC: Disabled
Heap:
 garbage-first heap   total 61440K, used 34036K [0x0000000708400000, 0x0000000800000000)
  region size 2048K, 11 young (22528K), 1 survivors (2048K)
 Metaspace       used 32254K, committed 32704K, reserved 1114112K
  class space    used 4023K, committed 4224K, reserved 1048576K
GC Heap History (10 events):
Event: 0.414 GC heap before
{Heap before GC invocations=0 (full 0):
 garbage-first heap   total 258048K, used 24496K [0x0000000708400000, 0x0000000800000000)
  region size 2048K, 11 young (22528K), 0 survivors (0K)
 Metaspace       used 6361K, committed 6592K, reserved 1114112K
  class space    used 745K, committed 832K, reserved 1048576K
}
Event: 0.416 GC heap after
{Heap after GC invocations=1 (full 0):
 garbage-first heap   total 258048K, used 6236K [0x0000000708400000, 0x0000000800000000)
  region size 2048K, 2 young (4096K), 2 survivors (4096K)
 Metaspace       used 6361K, committed 6592K, reserved 1114112K
  class space    used 745K, committed 832K, reserved 1048576K
}
Event: 0.747 GC heap before
{Heap before GC invocations=1 (full 0):
 garbage-first heap   total 258048K, used 36956K [0x0000000708400000, 0x0000000800000000)
  region size 2048K, 18 young (36864K), 2 survivors (4096K)
 Metaspace       used 14464K, committed 14720K, reserved 1114112K
  class space    used 1780K, committed 1920K, reserved 1048576K
}
Event: 0.751 GC heap after
{Heap after GC invocations=2 (full 0):
 garbage-first heap   total 258048K, used 8540K [0x0000000708400000, 0x0000000800000000)
  region size 2048K, 2 young (4096K), 2 survivors (4096K)
 Metaspace       used 14464K, committed 14720K, reserved 1114112K
  class space    used 1780K, committed 1920K, reserved 1048576K
}
Event: 1.332 GC heap before
{Heap before GC invocations=2 (full 0):
 garbage-first heap   total 258048K, used 47452K [0x0000000708400000, 0x0000000800000000)
  region size 2048K, 22 young (45056K), 2 survivors (4096K)
 Metaspace       used 21177K, committed 21504K, reserved 1114112K
  class space    used 2639K, committed 2816K, reserved 1048576K
}
Event: 1.337 GC heap after
{Heap after GC invocations=3 (full 0):
 garbage-first heap   total 258048K, used 12017K [0x0000000708400000, 0x0000000800000000)
  region size 2048K, 3 young (6144K), 3 survivors (6144K)
 Metaspace       used 21177K, committed 21504K, reserved 1114112K
  class space    used 2639K, committed 2816K, reserved 1048576K
}
Event: 1.831 GC heap before
{Heap before GC invocations=4 (full 0):
 garbage-first heap   total 61440K, used 42737K [0x0000000708400000, 0x0000000800000000)
  region size 2048K, 18 young (36864K), 3 survivors (6144K)
 Metaspace       used 26910K, committed 27264K, reserved 1114112K
  class space    used 3400K, committed 3584K, reserved 1048576K
}
Event: 1.835 GC heap after
{Heap after GC invocations=5 (full 0):
 garbage-first heap   total 61440K, used 15366K [0x0000000708400000, 0x0000000800000000)
  region size 2048K, 2 young (4096K), 2 survivors (4096K)
 Metaspace       used 26910K, committed 27264K, reserved 1114112K
  class space    used 3400K, committed 3584K, reserved 1048576K
}
Event: 1.866 GC heap before
{Heap before GC invocations=5 (full 0):
 garbage-first heap   total 61440K, used 17414K [0x0000000708400000, 0x0000000800000000)
  region size 2048K, 3 young (6144K), 2 survivors (4096K)
 Metaspace       used 27367K, committed 27840K, reserved 1114112K
  class space    used 3459K, committed 3712K, reserved 1048576K
}
Event: 1.868 GC heap after
{Heap after GC invocations=6 (full 0):
 garbage-first heap   total 61440K, used 15604K [0x0000000708400000, 0x0000000800000000)
  region size 2048K, 1 young (2048K), 1 survivors (2048K)
 Metaspace       used 27367K, committed 27840K, reserved 1114112K
  class space    used 3459K, committed 3712K, reserved 1048576K
}

