# JRE version: OpenJDK Runtime Environment Corretto-17.0.9.8.1 (17.0.9+8) (build 17.0.9+8-LTS)
# Java VM: OpenJDK 64-Bit Server VM Corretto-17.0.9.8.1 (17.0.9+8-LTS, mixed mode, sharing, tiered, compressed oops, compressed class ptrs, g1 gc, linux-amd64)
GC Precious Log:
 CPUs: 8 total, 8 available
 Memory: 15851M
 Large Page Support: Disabled
 NUMA Support: Disabled
 Compressed Oops: Enabled (Zero based)
 Heap Region Size: 2M
 Heap Min Capacity: 8M
 Heap Initial Capacity: 248M
 Heap Max Capacity: 3964M
 Pre-touch: Disabled
 Parallel Workers: 8
 Concurrent Workers: 2
 Concurrent Refinement Workers: 8
 Periodic GC: Disabled
Heap:
 garbage-first heap   total 270336K, used 158740K [0x0000000708400000, 0x0000000800000000)
  region size 2048K, 15 young (30720K), 1 survivors (2048K)
 Metaspace       used 37075K, committed 37568K, reserved 1114112K
  class space    used 4625K, committed 4864K, reserved 1048576K
GC Heap History (20 events):
Event: 9.964 GC heap before
{Heap before GC invocations=9 (full 0):
 garbage-first heap   total 137216K, used 77223K [0x0000000708400000, 0x0000000800000000)
  region size 2048K, 3 young (6144K), 1 survivors (2048K)
 Metaspace       used 34913K, committed 35392K, reserved 1114112K
  class space    used 4317K, committed 4544K, reserved 1048576K
}
Event: 9.965 GC heap after
{Heap after GC invocations=10 (full 0):
 garbage-first heap   total 137216K, used 75203K [0x0000000708400000, 0x0000000800000000)
  region size 2048K, 1 young (2048K), 1 survivors (2048K)
 Metaspace       used 34913K, committed 35392K, reserved 1114112K
  class space    used 4317K, committed 4544K, reserved 1048576K
}
Event: 10.075 GC heap before
{Heap before GC invocations=11 (full 0):
 garbage-first heap   total 182272K, used 134595K [0x0000000708400000, 0x0000000800000000)
  region size 2048K, 17 young (34816K), 1 survivors (2048K)
 Metaspace       used 34934K, committed 35392K, reserved 1114112K
  class space    used 4318K, committed 4544K, reserved 1048576K
}
Event: 10.076 GC heap after
{Heap after GC invocations=12 (full 0):
 garbage-first heap   total 182272K, used 101850K [0x0000000708400000, 0x0000000800000000)
  region size 2048K, 1 young (2048K), 1 survivors (2048K)
 Metaspace       used 34934K, committed 35392K, reserved 1114112K
  class space    used 4318K, committed 4544K, reserved 1048576K
}
Event: 10.220 GC heap before
{Heap before GC invocations=12 (full 0):
 garbage-first heap   total 182272K, used 148954K [0x0000000708400000, 0x0000000800000000)
  region size 2048K, 24 young (49152K), 1 survivors (2048K)
 Metaspace       used 34934K, committed 35392K, reserved 1114112K
  class space    used 4318K, committed 4544K, reserved 1048576K
}
Event: 10.221 GC heap after
{Heap after GC invocations=13 (full 0):
 garbage-first heap   total 182272K, used 101855K [0x0000000708400000, 0x0000000800000000)
  region size 2048K, 1 young (2048K), 1 survivors (2048K)
 Metaspace       used 34934K, committed 35392K, reserved 1114112K
  class space    used 4318K, committed 4544K, reserved 1048576K
}
Event: 10.377 GC heap before
{Heap before GC invocations=14 (full 0):
 garbage-first heap   total 188416K, used 151007K [0x0000000708400000, 0x0000000800000000)
  region size 2048K, 25 young (51200K), 1 survivors (2048K)
 Metaspace       used 34934K, committed 35392K, reserved 1114112K
  class space    used 4318K, committed 4544K, reserved 1048576K
}
Event: 10.377 GC heap after
{Heap after GC invocations=15 (full 0):
 garbage-first heap   total 188416K, used 101845K [0x0000000708400000, 0x0000000800000000)
  region size 2048K, 1 young (2048K), 1 survivors (2048K)
 Metaspace       used 34934K, committed 35392K, reserved 1114112K
  class space    used 4318K, committed 4544K, reserved 1048576K
}
Event: 10.547 GC heap before
{Heap before GC invocations=15 (full 0):
 garbage-first heap   total 188416K, used 155093K [0x0000000708400000, 0x0000000800000000)
  region size 2048K, 28 young (57344K), 1 survivors (2048K)
 Metaspace       used 34934K, committed 35392K, reserved 1114112K
  class space    used 4318K, committed 4544K, reserved 1048576K
}
Event: 10.548 GC heap after
{Heap after GC invocations=16 (full 0):
 garbage-first heap   total 188416K, used 101851K [0x0000000708400000, 0x0000000800000000)
  region size 2048K, 1 young (2048K), 1 survivors (2048K)
 Metaspace       used 34934K, committed 35392K, reserved 1114112K
  class space    used 4318K, committed 4544K, reserved 1048576K
}
Event: 10.667 GC heap before
{Heap before GC invocations=17 (full 0):
 garbage-first heap   total 188416K, used 157147K [0x0000000708400000, 0x0000000800000000)
  region size 2048K, 29 young (59392K), 1 survivors (2048K)
 Metaspace       used 34934K, committed 35392K, reserved 1114112K
  class space    used 4318K, committed 4544K, reserved 1048576K
}
Event: 10.668 GC heap after
{Heap after GC invocations=18 (full 0):
 garbage-first heap   total 188416K, used 101838K [0x0000000708400000, 0x0000000800000000)
  region size 2048K, 1 young (2048K), 1 survivors (2048K)
 Metaspace       used 34934K, committed 35392K, reserved 1114112K
  class space    used 4318K, committed 4544K, reserved 1048576K
}
Event: 10.769 GC heap before
{Heap before GC invocations=19 (full 0):
 garbage-first heap   total 225280K, used 155086K [0x0000000708400000, 0x0000000800000000)
  region size 2048K, 15 young (30720K), 1 survivors (2048K)
 Metaspace       used 34953K, committed 35392K, reserved 1114112K
  class space    used 4319K, committed 4544K, reserved 1048576K
}
Event: 10.776 GC heap after
{Heap after GC invocations=20 (full 0):
 garbage-first heap   total 270336K, used 101649K [0x0000000708400000, 0x0000000800000000)
  region size 2048K, 4 young (8192K), 4 survivors (8192K)
 Metaspace       used 34953K, committed 35392K, reserved 1114112K
  class space    used 4319K, committed 4544K, reserved 1048576K
}
Event: 12.319 GC heap before
{Heap before GC invocations=20 (full 0):
 garbage-first heap   total 270336K, used 202001K [0x0000000708400000, 0x0000000800000000)
  region size 2048K, 35 young (71680K), 4 survivors (8192K)
 Metaspace       used 36170K, committed 36672K, reserved 1114112K
  class space    used 4423K, committed 4672K, reserved 1048576K
}
Event: 12.322 GC heap after
{Heap after GC invocations=21 (full 0):
 garbage-first heap   total 270336K, used 109473K [0x0000000708400000, 0x0000000800000000)
  region size 2048K, 3 young (6144K), 3 survivors (6144K)
 Metaspace       used 36170K, committed 36672K, reserved 1114112K
  class space    used 4423K, committed 4672K, reserved 1048576K
}
Event: 12.646 GC heap before
{Heap before GC invocations=21 (full 0):
 garbage-first heap   total 270336K, used 136097K [0x0000000708400000, 0x0000000800000000)
  region size 2048K, 17 young (34816K), 3 survivors (6144K)
 Metaspace       used 36381K, committed 36864K, reserved 1114112K
  class space    used 4446K, committed 4672K, reserved 1048576K
}
Event: 12.648 GC heap after
{Heap after GC invocations=22 (full 0):
 garbage-first heap   total 270336K, used 109766K [0x0000000708400000, 0x0000000800000000)
  region size 2048K, 1 young (2048K), 1 survivors (2048K)
 Metaspace       used 36381K, committed 36864K, reserved 1114112K
  class space    used 4446K, committed 4672K, reserved 1048576K
}
Event: 12.895 GC heap before
{Heap before GC invocations=22 (full 0):
 garbage-first heap   total 270336K, used 212166K [0x0000000708400000, 0x0000000800000000)
  region size 2048K, 40 young (81920K), 1 survivors (2048K)
 Metaspace       used 36616K, committed 37056K, reserved 1114112K
  class space    used 4498K, committed 4672K, reserved 1048576K
}
Event: 12.896 GC heap after
{Heap after GC invocations=23 (full 0):
 garbage-first heap   total 270336K, used 132116K [0x0000000708400000, 0x0000000800000000)
  region size 2048K, 1 young (2048K), 1 survivors (2048K)
 Metaspace       used 36616K, committed 37056K, reserved 1114112K
  class space    used 4498K, committed 4672K, reserved 1048576K
}

