# JRE version: OpenJDK Runtime Environment Corretto-17.0.9.8.1 (17.0.9+8) (build 17.0.9+8-LTS)
# Java VM: OpenJDK 64-Bit Server VM Corretto-17.0.9.8.1 (17.0.9+8-LTS, mixed mode, sharing, tiered, compressed oops, compressed class ptrs, g1 gc, linux-amd64)
GC Precious Log:
 CPUs: 8 total, 8 available
 Memory: 15851M
 Large Page Support: Disabled
 NUMA Support: Disabled
 Compressed Oops: Enabled (Zero based)
 Heap Region Size: 2M
 Heap Min Capacity: 8M
 Heap Initial Capacity: 248M
 Heap Max Capacity: 3964M
 Pre-touch: Disabled
 Parallel Workers: 8
 Concurrent Workers: 2
 Concurrent Refinement Workers: 8
 Periodic GC: Disabled
Heap:
 garbage-first heap   total 270336K, used 155430K [0x0000000708400000, 0x0000000800000000)
  region size 2048K, 21 young (43008K), 1 survivors (2048K)
 Metaspace       used 37008K, committed 37504K, reserved 1114112K
  class space    used 4572K, committed 4800K, reserved 1048576K
GC Heap History (20 events):
Event: 7.935 GC heap before
{Heap before GC invocations=10 (full 0):
 garbage-first heap   total 182272K, used 149041K [0x0000000708400000, 0x0000000800000000)
  region size 2048K, 26 young (53248K), 2 survivors (4096K)
 Metaspace       used 34896K, committed 35328K, reserved 1114112K
  class space    used 4311K, committed 4544K, reserved 1048576K
}
Event: 7.936 GC heap after
{Heap after GC invocations=11 (full 0):
 garbage-first heap   total 182272K, used 101845K [0x0000000708400000, 0x0000000800000000)
  region size 2048K, 2 young (4096K), 2 survivors (4096K)
 Metaspace       used 34896K, committed 35328K, reserved 1114112K
  class space    used 4311K, committed 4544K, reserved 1048576K
}
Event: 8.100 GC heap before
{Heap before GC invocations=11 (full 0):
 garbage-first heap   total 182272K, used 148949K [0x0000000708400000, 0x0000000800000000)
  region size 2048K, 25 young (51200K), 2 survivors (4096K)
 Metaspace       used 34896K, committed 35328K, reserved 1114112K
  class space    used 4311K, committed 4544K, reserved 1048576K
}
Event: 8.102 GC heap after
{Heap after GC invocations=12 (full 0):
 garbage-first heap   total 182272K, used 101866K [0x0000000708400000, 0x0000000800000000)
  region size 2048K, 2 young (4096K), 2 survivors (4096K)
 Metaspace       used 34896K, committed 35328K, reserved 1114112K
  class space    used 4311K, committed 4544K, reserved 1048576K
}
Event: 8.252 GC heap before
{Heap before GC invocations=13 (full 0):
 garbage-first heap   total 184320K, used 151018K [0x0000000708400000, 0x0000000800000000)
  region size 2048K, 26 young (53248K), 2 survivors (4096K)
 Metaspace       used 34896K, committed 35328K, reserved 1114112K
  class space    used 4311K, committed 4544K, reserved 1048576K
}
Event: 8.253 GC heap after
{Heap after GC invocations=14 (full 0):
 garbage-first heap   total 184320K, used 101825K [0x0000000708400000, 0x0000000800000000)
  region size 2048K, 2 young (4096K), 2 survivors (4096K)
 Metaspace       used 34896K, committed 35328K, reserved 1114112K
  class space    used 4311K, committed 4544K, reserved 1048576K
}
Event: 8.411 GC heap before
{Heap before GC invocations=14 (full 0):
 garbage-first heap   total 184320K, used 155073K [0x0000000708400000, 0x0000000800000000)
  region size 2048K, 28 young (57344K), 2 survivors (4096K)
 Metaspace       used 34896K, committed 35328K, reserved 1114112K
  class space    used 4311K, committed 4544K, reserved 1048576K
}
Event: 8.413 GC heap after
{Heap after GC invocations=15 (full 0):
 garbage-first heap   total 184320K, used 101859K [0x0000000708400000, 0x0000000800000000)
  region size 2048K, 2 young (4096K), 2 survivors (4096K)
 Metaspace       used 34896K, committed 35328K, reserved 1114112K
  class space    used 4311K, committed 4544K, reserved 1048576K
}
Event: 8.551 GC heap before
{Heap before GC invocations=16 (full 0):
 garbage-first heap   total 184320K, used 142819K [0x0000000708400000, 0x0000000800000000)
  region size 2048K, 23 young (47104K), 2 survivors (4096K)
 Metaspace       used 34896K, committed 35328K, reserved 1114112K
  class space    used 4311K, committed 4544K, reserved 1048576K
}
Event: 8.553 GC heap after
{Heap after GC invocations=17 (full 0):
 garbage-first heap   total 184320K, used 101879K [0x0000000708400000, 0x0000000800000000)
  region size 2048K, 2 young (4096K), 2 survivors (4096K)
 Metaspace       used 34896K, committed 35328K, reserved 1114112K
  class space    used 4311K, committed 4544K, reserved 1048576K
}
Event: 8.648 GC heap before
{Heap before GC invocations=18 (full 0):
 garbage-first heap   total 225280K, used 155127K [0x0000000708400000, 0x0000000800000000)
  region size 2048K, 16 young (32768K), 2 survivors (4096K)
 Metaspace       used 34901K, committed 35328K, reserved 1114112K
  class space    used 4312K, committed 4544K, reserved 1048576K
}
Event: 8.654 GC heap after
{Heap after GC invocations=19 (full 0):
 garbage-first heap   total 225280K, used 101814K [0x0000000708400000, 0x0000000800000000)
  region size 2048K, 4 young (8192K), 4 survivors (8192K)
 Metaspace       used 34901K, committed 35328K, reserved 1114112K
  class space    used 4312K, committed 4544K, reserved 1048576K
}
Event: 9.817 GC heap before
{Heap before GC invocations=19 (full 0):
 garbage-first heap   total 225280K, used 183734K [0x0000000708400000, 0x0000000800000000)
  region size 2048K, 26 young (53248K), 4 survivors (8192K)
 Metaspace       used 36090K, committed 36608K, reserved 1114112K
  class space    used 4414K, committed 4672K, reserved 1048576K
}
Event: 9.820 GC heap after
{Heap after GC invocations=20 (full 0):
 garbage-first heap   total 225280K, used 112881K [0x0000000708400000, 0x0000000800000000)
  region size 2048K, 3 young (6144K), 3 survivors (6144K)
 Metaspace       used 36090K, committed 36608K, reserved 1114112K
  class space    used 4414K, committed 4672K, reserved 1048576K
}
Event: 10.302 GC heap before
{Heap before GC invocations=20 (full 0):
 garbage-first heap   total 225280K, used 155889K [0x0000000708400000, 0x0000000800000000)
  region size 2048K, 24 young (49152K), 3 survivors (6144K)
 Metaspace       used 36093K, committed 36608K, reserved 1114112K
  class space    used 4414K, committed 4672K, reserved 1048576K
}
Event: 10.304 GC heap after
{Heap after GC invocations=21 (full 0):
 garbage-first heap   total 225280K, used 113038K [0x0000000708400000, 0x0000000800000000)
  region size 2048K, 1 young (2048K), 1 survivors (2048K)
 Metaspace       used 36093K, committed 36608K, reserved 1114112K
  class space    used 4414K, committed 4672K, reserved 1048576K
}
Event: 10.333 GC heap before
{Heap before GC invocations=22 (full 0):
 garbage-first heap   total 225280K, used 96654K [0x0000000708400000, 0x0000000800000000)
  region size 2048K, 3 young (6144K), 1 survivors (2048K)
 Metaspace       used 36359K, committed 36800K, reserved 1114112K
  class space    used 4439K, committed 4672K, reserved 1048576K
}
Event: 10.334 GC heap after
{Heap after GC invocations=23 (full 0):
 garbage-first heap   total 225280K, used 94089K [0x0000000708400000, 0x0000000800000000)
  region size 2048K, 1 young (2048K), 1 survivors (2048K)
 Metaspace       used 36359K, committed 36800K, reserved 1114112K
  class space    used 4439K, committed 4672K, reserved 1048576K
}
Event: 10.544 GC heap before
{Heap before GC invocations=23 (full 0):
 garbage-first heap   total 225280K, used 182153K [0x0000000708400000, 0x0000000800000000)
  region size 2048K, 33 young (67584K), 1 survivors (2048K)
 Metaspace       used 36667K, committed 37120K, reserved 1114112K
  class space    used 4494K, committed 4736K, reserved 1048576K
}
Event: 10.545 GC heap after
{Heap after GC invocations=24 (full 0):
 garbage-first heap   total 270336K, used 116518K [0x0000000708400000, 0x0000000800000000)
  region size 2048K, 1 young (2048K), 1 survivors (2048K)
 Metaspace       used 36667K, committed 37120K, reserved 1114112K
  class space    used 4494K, committed 4736K, reserved 1048576K
}

